<?xml version="1.0" encoding="UTF-8"?>
<!-- Generated by org.testng.reporters.JUnitReportReporter -->
<testsuite hostname="DESKTOP-QONR7Q2" name="runner.RunCuke" tests="1" failures="0" timestamp="25 Mar 2018 21:21:41 GMT" time="14.033" errors="0">
  <testcase name="feature" time="14.033" classname="runner.RunCuke"/>
</testsuite> <!-- runner.RunCuke -->
